mode: set
github.com/jaydenwen123/technolgy_examples/go_test/fib.go:5.21,6.12 1 1
github.com/jaydenwen123/technolgy_examples/go_test/fib.go:9.2,9.28 1 1
github.com/jaydenwen123/technolgy_examples/go_test/fib.go:6.12,8.3 1 1
github.com/jaydenwen123/technolgy_examples/go_test/fib.go:12.22,13.12 1 1
github.com/jaydenwen123/technolgy_examples/go_test/fib.go:16.2,20.26 5 1
github.com/jaydenwen123/technolgy_examples/go_test/fib.go:27.2,27.15 1 1
github.com/jaydenwen123/technolgy_examples/go_test/fib.go:13.12,15.3 1 1
github.com/jaydenwen123/technolgy_examples/go_test/fib.go:20.26,26.3 4 1
